-- The C compiler identification is GNU 7.5.0
-- The CXX compiler identification is GNU 7.5.0
-- Check for working C compiler: /usr/bin/cc
-- Check for working C compiler: /usr/bin/cc -- works
-- Detecting C compiler ABI info
-- Detecting C compiler ABI info - done
-- Detecting C compile features
-- Detecting C compile features - done
-- Check for working CXX compiler: /usr/bin/c++
-- Check for working CXX compiler: /usr/bin/c++ -- works
-- Detecting CXX compiler ABI info
-- Detecting CXX compiler ABI info - done
-- Detecting CXX compile features
-- Detecting CXX compile features - done
-- Found ament_cmake: 0.7.6 (/opt/ros/dashing/share/ament_cmake/cmake)
-- Found PythonInterp: /usr/bin/python3 (found suitable version "3.6.9", minimum required is "3") 
-- Using PYTHON_EXECUTABLE: /usr/bin/python3
-- Override CMake install command with custom implementation using symlinks instead of copying resources
-- Found rclcpp: 0.7.16 (/opt/ros/dashing/share/rclcpp/cmake)
-- Found rosidl_adapter: 0.7.10 (/opt/ros/dashing/share/rosidl_adapter/cmake)
-- Found rmw_implementation_cmake: 0.7.2 (/opt/ros/dashing/share/rmw_implementation_cmake/cmake)
-- Using RMW implementation 'rmw_fastrtps_cpp' as default
-- Looking for pthread.h
-- Looking for pthread.h - found
-- Looking for pthread_create
-- Looking for pthread_create - not found
-- Looking for pthread_create in pthreads
-- Looking for pthread_create in pthreads - not found
-- Looking for pthread_create in pthread
-- Looking for pthread_create in pthread - found
-- Found Threads: TRUE  
-- Found std_msgs: 0.7.1 (/opt/ros/dashing/share/std_msgs/cmake)
-- Configuring done
-- Generating done
-- Build files have been written to: /home/vishnu/ros2_ws/build/ros2_demo
[35m[1mScanning dependencies of target subscriber[0m
[35m[1mScanning dependencies of target publisher[0m
[ 50%] [32mBuilding CXX object CMakeFiles/subscriber.dir/src/subscriber.cpp.o[0m
[ 50%] [32mBuilding CXX object CMakeFiles/publisher.dir/src/publisher.cpp.o[0m
[ 75%] [32m[1mLinking CXX executable publisher[0m
[ 75%] Built target publisher
[100%] [32m[1mLinking CXX executable subscriber[0m
[100%] Built target subscriber
[100%] Built target publisher
[100%] Built target subscriber
[36mInstall the project...[0m
-- Install configuration: ""
-- Execute custom install script
-- Symlinking: /home/vishnu/ros2_ws/install/ros2_demo/lib/ros2_demo/publisher
-- Symlinking: /home/vishnu/ros2_ws/install/ros2_demo/lib/ros2_demo/subscriber
-- Symlinking: /home/vishnu/ros2_ws/install/ros2_demo/share/ament_index/resource_index/package_run_dependencies/ros2_demo
-- Symlinking: /home/vishnu/ros2_ws/install/ros2_demo/share/ament_index/resource_index/parent_prefix_path/ros2_demo
-- Symlinking: /home/vishnu/ros2_ws/install/ros2_demo/share/ros2_demo/environment/ament_prefix_path.sh
-- Symlinking: /home/vishnu/ros2_ws/install/ros2_demo/share/ros2_demo/environment/path.sh
-- Symlinking: /home/vishnu/ros2_ws/install/ros2_demo/share/ros2_demo/local_setup.bash
-- Symlinking: /home/vishnu/ros2_ws/install/ros2_demo/share/ros2_demo/local_setup.sh
-- Symlinking: /home/vishnu/ros2_ws/install/ros2_demo/share/ros2_demo/local_setup.zsh
-- Symlinking: /home/vishnu/ros2_ws/install/ros2_demo/share/ament_index/resource_index/packages/ros2_demo
-- Symlinking: /home/vishnu/ros2_ws/install/ros2_demo/share/ros2_demo/cmake/ros2_demoConfig.cmake
-- Symlinking: /home/vishnu/ros2_ws/install/ros2_demo/share/ros2_demo/cmake/ros2_demoConfig-version.cmake
-- Symlinking: /home/vishnu/ros2_ws/install/ros2_demo/share/ros2_demo/package.xml
