[0.008s] Invoking command in '/home/vishnu/ros2_ws/build/ros2_demo': CMAKE_PREFIX_PATH=/opt/ros/dashing /usr/bin/cmake /home/vishnu/ros2_ws/ros2_demo -DAMENT_CMAKE_SYMLINK_INSTALL=1 -DCMAKE_INSTALL_PREFIX=/home/vishnu/ros2_ws/install/ros2_demo
[0.117s] -- The C compiler identification is GNU 7.5.0
[0.188s] -- The CXX compiler identification is GNU 7.5.0
[0.192s] -- Check for working C compiler: /usr/bin/cc
[0.239s] -- Check for working C compiler: /usr/bin/cc -- works
[0.240s] -- Detecting C compiler ABI info
[0.283s] -- Detecting C compiler ABI info - done
[0.286s] -- Detecting C compile features
[0.413s] -- Detecting C compile features - done
[0.426s] -- Check for working CXX compiler: /usr/bin/c++
[0.477s] -- Check for working CXX compiler: /usr/bin/c++ -- works
[0.477s] -- Detecting CXX compiler ABI info
[0.528s] -- Detecting CXX compiler ABI info - done
[0.531s] -- Detecting CXX compile features
[0.734s] -- Detecting CXX compile features - done
[0.736s] -- Found ament_cmake: 0.7.6 (/opt/ros/dashing/share/ament_cmake/cmake)
[0.754s] -- Found PythonInterp: /usr/bin/python3 (found suitable version "3.6.9", minimum required is "3") 
[0.754s] -- Using PYTHON_EXECUTABLE: /usr/bin/python3
[0.909s] -- Override CMake install command with custom implementation using symlinks instead of copying resources
[0.925s] -- Found rclcpp: 0.7.16 (/opt/ros/dashing/share/rclcpp/cmake)
[0.938s] -- Found rosidl_adapter: 0.7.10 (/opt/ros/dashing/share/rosidl_adapter/cmake)
[0.964s] -- Found rmw_implementation_cmake: 0.7.2 (/opt/ros/dashing/share/rmw_implementation_cmake/cmake)
[0.965s] -- Using RMW implementation 'rmw_fastrtps_cpp' as default
[0.968s] -- Looking for pthread.h
[1.022s] -- Looking for pthread.h - found
[1.022s] -- Looking for pthread_create
[1.068s] -- Looking for pthread_create - not found
[1.068s] -- Looking for pthread_create in pthreads
[1.138s] -- Looking for pthread_create in pthreads - not found
[1.138s] -- Looking for pthread_create in pthread
[1.196s] -- Looking for pthread_create in pthread - found
[1.196s] -- Found Threads: TRUE  
[1.217s] -- Found std_msgs: 0.7.1 (/opt/ros/dashing/share/std_msgs/cmake)
[1.308s] -- Configuring done
[1.345s] -- Generating done
[1.346s] -- Build files have been written to: /home/vishnu/ros2_ws/build/ros2_demo
[1.348s] Invoked command in '/home/vishnu/ros2_ws/build/ros2_demo' returned '0': CMAKE_PREFIX_PATH=/opt/ros/dashing /usr/bin/cmake /home/vishnu/ros2_ws/ros2_demo -DAMENT_CMAKE_SYMLINK_INSTALL=1 -DCMAKE_INSTALL_PREFIX=/home/vishnu/ros2_ws/install/ros2_demo
[1.350s] Invoking command in '/home/vishnu/ros2_ws/build/ros2_demo': CMAKE_PREFIX_PATH=/opt/ros/dashing /usr/bin/cmake --build /home/vishnu/ros2_ws/build/ros2_demo -- -j16 -l16
[1.374s] [35m[1mScanning dependencies of target subscriber[0m
[1.374s] [35m[1mScanning dependencies of target publisher[0m
[1.438s] [ 50%] [32mBuilding CXX object CMakeFiles/subscriber.dir/src/subscriber.cpp.o[0m
[1.438s] [ 50%] [32mBuilding CXX object CMakeFiles/publisher.dir/src/publisher.cpp.o[0m
[2.701s] [ 75%] [32m[1mLinking CXX executable publisher[0m
[2.792s] [ 75%] Built target publisher
[2.818s] [100%] [32m[1mLinking CXX executable subscriber[0m
[2.900s] [100%] Built target subscriber
[2.907s] Invoked command in '/home/vishnu/ros2_ws/build/ros2_demo' returned '0': CMAKE_PREFIX_PATH=/opt/ros/dashing /usr/bin/cmake --build /home/vishnu/ros2_ws/build/ros2_demo -- -j16 -l16
[2.930s] Invoking command in '/home/vishnu/ros2_ws/build/ros2_demo': CMAKE_PREFIX_PATH=/opt/ros/dashing /usr/bin/cmake --build /home/vishnu/ros2_ws/build/ros2_demo --target install -- -j16 -l16
[2.967s] [100%] Built target publisher
[2.967s] [100%] Built target subscriber
[2.978s] [36mInstall the project...[0m
[2.983s] -- Install configuration: ""
[2.983s] -- Execute custom install script
[2.983s] -- Symlinking: /home/vishnu/ros2_ws/install/ros2_demo/lib/ros2_demo/publisher
[2.989s] -- Symlinking: /home/vishnu/ros2_ws/install/ros2_demo/lib/ros2_demo/subscriber
[2.995s] -- Symlinking: /home/vishnu/ros2_ws/install/ros2_demo/share/ament_index/resource_index/package_run_dependencies/ros2_demo
[2.999s] -- Symlinking: /home/vishnu/ros2_ws/install/ros2_demo/share/ament_index/resource_index/parent_prefix_path/ros2_demo
[3.005s] -- Symlinking: /home/vishnu/ros2_ws/install/ros2_demo/share/ros2_demo/environment/ament_prefix_path.sh
[3.010s] -- Symlinking: /home/vishnu/ros2_ws/install/ros2_demo/share/ros2_demo/environment/path.sh
[3.016s] -- Symlinking: /home/vishnu/ros2_ws/install/ros2_demo/share/ros2_demo/local_setup.bash
[3.023s] -- Symlinking: /home/vishnu/ros2_ws/install/ros2_demo/share/ros2_demo/local_setup.sh
[3.027s] -- Symlinking: /home/vishnu/ros2_ws/install/ros2_demo/share/ros2_demo/local_setup.zsh
[3.033s] -- Symlinking: /home/vishnu/ros2_ws/install/ros2_demo/share/ament_index/resource_index/packages/ros2_demo
[3.039s] -- Symlinking: /home/vishnu/ros2_ws/install/ros2_demo/share/ros2_demo/cmake/ros2_demoConfig.cmake
[3.044s] -- Symlinking: /home/vishnu/ros2_ws/install/ros2_demo/share/ros2_demo/cmake/ros2_demoConfig-version.cmake
[3.049s] -- Symlinking: /home/vishnu/ros2_ws/install/ros2_demo/share/ros2_demo/package.xml
[3.055s] Invoked command in '/home/vishnu/ros2_ws/build/ros2_demo' returned '0': CMAKE_PREFIX_PATH=/opt/ros/dashing /usr/bin/cmake --build /home/vishnu/ros2_ws/build/ros2_demo --target install -- -j16 -l16
