running egg_info
writing ../build/ros2_demo/ros2_demo.egg-info/PKG-INFO
writing dependency_links to ../build/ros2_demo/ros2_demo.egg-info/dependency_links.txt
writing entry points to ../build/ros2_demo/ros2_demo.egg-info/entry_points.txt
writing requirements to ../build/ros2_demo/ros2_demo.egg-info/requires.txt
writing top-level names to ../build/ros2_demo/ros2_demo.egg-info/top_level.txt
reading manifest file '../build/ros2_demo/ros2_demo.egg-info/SOURCES.txt'
writing manifest file '../build/ros2_demo/ros2_demo.egg-info/SOURCES.txt'
running build
running build_py
running install
running install_lib
running install_data
running install_egg_info
removing '/home/vishnu/ros2_ws/install/ros2_demo/lib/python3.8/site-packages/ros2_demo-0.0.1-py3.8.egg-info' (and everything under it)
Copying ../build/ros2_demo/ros2_demo.egg-info to /home/vishnu/ros2_ws/install/ros2_demo/lib/python3.8/site-packages/ros2_demo-0.0.1-py3.8.egg-info
running install_scripts
Installing publisher script to /home/vishnu/ros2_ws/install/ros2_demo/lib/ros2_demo
Installing subscriber script to /home/vishnu/ros2_ws/install/ros2_demo/lib/ros2_demo
Installing turtle_nav script to /home/vishnu/ros2_ws/install/ros2_demo/lib/ros2_demo
writing list of installed files to '/home/vishnu/ros2_ws/build/ros2_demo/install.log'
