[0.568s] Invoking command in '/home/vishnu/ros2_ws/ros2_demo': PYTHONPATH=/home/vishnu/ros2_ws/build/ros2_demo/prefix_override:/home/vishnu/.local/lib/python3.8/site-packages/colcon_core/task/python/colcon_distutils_commands:/home/vishnu/ros2_ws/install/ros2_demo/lib/python3.8/site-packages:${PYTHONPATH} /usr/bin/python3.8 -W ignore:setup.py install is deprecated -W ignore:easy_install command is deprecated setup.py egg_info --egg-base ../build/ros2_demo build --build-base /home/vishnu/ros2_ws/build/ros2_demo/build install --record /home/vishnu/ros2_ws/build/ros2_demo/install.log --single-version-externally-managed install_data
[0.756s] running egg_info
[0.756s] writing ../build/ros2_demo/ros2_demo.egg-info/PKG-INFO
[0.756s] writing dependency_links to ../build/ros2_demo/ros2_demo.egg-info/dependency_links.txt
[0.757s] writing entry points to ../build/ros2_demo/ros2_demo.egg-info/entry_points.txt
[0.757s] writing requirements to ../build/ros2_demo/ros2_demo.egg-info/requires.txt
[0.757s] writing top-level names to ../build/ros2_demo/ros2_demo.egg-info/top_level.txt
[0.787s] reading manifest file '../build/ros2_demo/ros2_demo.egg-info/SOURCES.txt'
[0.787s] writing manifest file '../build/ros2_demo/ros2_demo.egg-info/SOURCES.txt'
[0.787s] running build
[0.787s] running build_py
[0.788s] running install
[0.788s] running install_lib
[0.790s] running install_data
[0.790s] running install_egg_info
[0.792s] removing '/home/vishnu/ros2_ws/install/ros2_demo/lib/python3.8/site-packages/ros2_demo-0.0.1-py3.8.egg-info' (and everything under it)
[0.792s] Copying ../build/ros2_demo/ros2_demo.egg-info to /home/vishnu/ros2_ws/install/ros2_demo/lib/python3.8/site-packages/ros2_demo-0.0.1-py3.8.egg-info
[0.793s] running install_scripts
[0.818s] Installing publisher script to /home/vishnu/ros2_ws/install/ros2_demo/lib/ros2_demo
[0.818s] Installing subscriber script to /home/vishnu/ros2_ws/install/ros2_demo/lib/ros2_demo
[0.818s] Installing turtle_nav script to /home/vishnu/ros2_ws/install/ros2_demo/lib/ros2_demo
[0.819s] writing list of installed files to '/home/vishnu/ros2_ws/build/ros2_demo/install.log'
[0.834s] Invoked command in '/home/vishnu/ros2_ws/ros2_demo' returned '0': PYTHONPATH=/home/vishnu/ros2_ws/build/ros2_demo/prefix_override:/home/vishnu/.local/lib/python3.8/site-packages/colcon_core/task/python/colcon_distutils_commands:/home/vishnu/ros2_ws/install/ros2_demo/lib/python3.8/site-packages:${PYTHONPATH} /usr/bin/python3.8 -W ignore:setup.py install is deprecated -W ignore:easy_install command is deprecated setup.py egg_info --egg-base ../build/ros2_demo build --build-base /home/vishnu/ros2_ws/build/ros2_demo/build install --record /home/vishnu/ros2_ws/build/ros2_demo/install.log --single-version-externally-managed install_data
