/home/vishnu/ros2_ws/install/ros2_demo/lib/python3.8/site-packages/ros2_demo/__init__.py
/home/vishnu/ros2_ws/install/ros2_demo/lib/python3.8/site-packages/ros2_demo/publisher.py
/home/vishnu/ros2_ws/install/ros2_demo/lib/python3.8/site-packages/ros2_demo/subscriber.py
/home/vishnu/ros2_ws/install/ros2_demo/lib/python3.8/site-packages/ros2_demo/turtle_nav.py
/home/vishnu/ros2_ws/install/ros2_demo/lib/python3.8/site-packages/ros2_demo/__pycache__/__init__.cpython-38.pyc
/home/vishnu/ros2_ws/install/ros2_demo/lib/python3.8/site-packages/ros2_demo/__pycache__/publisher.cpython-38.pyc
/home/vishnu/ros2_ws/install/ros2_demo/lib/python3.8/site-packages/ros2_demo/__pycache__/subscriber.cpython-38.pyc
/home/vishnu/ros2_ws/install/ros2_demo/lib/python3.8/site-packages/ros2_demo/__pycache__/turtle_nav.cpython-38.pyc
/home/vishnu/ros2_ws/install/ros2_demo/share/ament_index/resource_index/packages/ros2_demo
/home/vishnu/ros2_ws/install/ros2_demo/share/ros2_demo/package.xml
/home/vishnu/ros2_ws/install/ros2_demo/lib/python3.8/site-packages/ros2_demo-0.0.1-py3.8.egg-info/PKG-INFO
/home/vishnu/ros2_ws/install/ros2_demo/lib/python3.8/site-packages/ros2_demo-0.0.1-py3.8.egg-info/zip-safe
/home/vishnu/ros2_ws/install/ros2_demo/lib/python3.8/site-packages/ros2_demo-0.0.1-py3.8.egg-info/dependency_links.txt
/home/vishnu/ros2_ws/install/ros2_demo/lib/python3.8/site-packages/ros2_demo-0.0.1-py3.8.egg-info/entry_points.txt
/home/vishnu/ros2_ws/install/ros2_demo/lib/python3.8/site-packages/ros2_demo-0.0.1-py3.8.egg-info/requires.txt
/home/vishnu/ros2_ws/install/ros2_demo/lib/python3.8/site-packages/ros2_demo-0.0.1-py3.8.egg-info/top_level.txt
/home/vishnu/ros2_ws/install/ros2_demo/lib/python3.8/site-packages/ros2_demo-0.0.1-py3.8.egg-info/SOURCES.txt
/home/vishnu/ros2_ws/install/ros2_demo/lib/ros2_demo/publisher
/home/vishnu/ros2_ws/install/ros2_demo/lib/ros2_demo/subscriber
/home/vishnu/ros2_ws/install/ros2_demo/lib/ros2_demo/turtle_nav
