-- Found ament_cmake: 0.7.6 (/opt/ros/dashing/share/ament_cmake/cmake)
-- Using PYTHON_EXECUTABLE: /usr/bin/python3
-- Override CMake install command with custom implementation using symlinks instead of copying resources
-- Found rclcpp: 0.7.16 (/opt/ros/dashing/share/rclcpp/cmake)
-- Found rosidl_adapter: 0.7.10 (/opt/ros/dashing/share/rosidl_adapter/cmake)
-- Found rmw_implementation_cmake: 0.7.2 (/opt/ros/dashing/share/rmw_implementation_cmake/cmake)
-- Using RMW implementation 'rmw_fastrtps_cpp' as default
-- Found std_msgs: 0.7.1 (/opt/ros/dashing/share/std_msgs/cmake)
-- Configuring done
-- Generating done
-- Build files have been written to: /home/vishnu/ros2_ws/build/ros2_demo
[35m[1mScanning dependencies of target publisher[0m
[35m[1mScanning dependencies of target subscriber[0m
[ 50%] [32mBuilding CXX object CMakeFiles/publisher.dir/src/publisher.cpp.o[0m
[ 50%] [32mBuilding CXX object CMakeFiles/subscriber.dir/src/subscriber.cpp.o[0m
[ 75%] [32m[1mLinking CXX executable publisher[0m
[ 75%] Built target publisher
[100%] [32m[1mLinking CXX executable subscriber[0m
[100%] Built target subscriber
[100%] Built target publisher
[100%] Built target subscriber
[36mInstall the project...[0m
-- Install configuration: ""
-- Execute custom install script
-- Up-to-date symlink: /home/vishnu/ros2_ws/install/ros2_demo/lib/ros2_demo/publisher
-- Up-to-date symlink: /home/vishnu/ros2_ws/install/ros2_demo/lib/ros2_demo/subscriber
-- Up-to-date symlink: /home/vishnu/ros2_ws/install/ros2_demo/share/ament_index/resource_index/package_run_dependencies/ros2_demo
-- Up-to-date symlink: /home/vishnu/ros2_ws/install/ros2_demo/share/ament_index/resource_index/parent_prefix_path/ros2_demo
-- Up-to-date symlink: /home/vishnu/ros2_ws/install/ros2_demo/share/ros2_demo/environment/ament_prefix_path.sh
-- Up-to-date symlink: /home/vishnu/ros2_ws/install/ros2_demo/share/ros2_demo/environment/path.sh
-- Up-to-date symlink: /home/vishnu/ros2_ws/install/ros2_demo/share/ros2_demo/local_setup.bash
-- Up-to-date symlink: /home/vishnu/ros2_ws/install/ros2_demo/share/ros2_demo/local_setup.sh
-- Up-to-date symlink: /home/vishnu/ros2_ws/install/ros2_demo/share/ros2_demo/local_setup.zsh
-- Up-to-date symlink: /home/vishnu/ros2_ws/install/ros2_demo/share/ament_index/resource_index/packages/ros2_demo
-- Up-to-date symlink: /home/vishnu/ros2_ws/install/ros2_demo/share/ros2_demo/cmake/ros2_demoConfig.cmake
-- Up-to-date symlink: /home/vishnu/ros2_ws/install/ros2_demo/share/ros2_demo/cmake/ros2_demoConfig-version.cmake
-- Up-to-date symlink: /home/vishnu/ros2_ws/install/ros2_demo/share/ros2_demo/package.xml
