[0.637s] Invoking command in '/home/vishnu/ros2_ws/ros2_demo': PYTHONPATH=/home/vishnu/ros2_ws/build/ros2_demo/prefix_override:/home/vishnu/.local/lib/python3.8/site-packages/colcon_core/task/python/colcon_distutils_commands:/home/vishnu/ros2_ws/install/ros2_demo/lib/python3.8/site-packages:${PYTHONPATH} /usr/bin/python3.8 -W ignore:setup.py install is deprecated -W ignore:easy_install command is deprecated setup.py egg_info --egg-base ../build/ros2_demo build --build-base /home/vishnu/ros2_ws/build/ros2_demo/build install --record /home/vishnu/ros2_ws/build/ros2_demo/install.log --single-version-externally-managed install_data
[0.823s] running egg_info
[0.823s] creating ../build/ros2_demo/ros2_demo.egg-info
[0.824s] writing ../build/ros2_demo/ros2_demo.egg-info/PKG-INFO
[0.824s] writing dependency_links to ../build/ros2_demo/ros2_demo.egg-info/dependency_links.txt
[0.824s] writing entry points to ../build/ros2_demo/ros2_demo.egg-info/entry_points.txt
[0.824s] writing requirements to ../build/ros2_demo/ros2_demo.egg-info/requires.txt
[0.824s] writing top-level names to ../build/ros2_demo/ros2_demo.egg-info/top_level.txt
[0.824s] writing manifest file '../build/ros2_demo/ros2_demo.egg-info/SOURCES.txt'
[0.854s] reading manifest file '../build/ros2_demo/ros2_demo.egg-info/SOURCES.txt'
[0.855s] writing manifest file '../build/ros2_demo/ros2_demo.egg-info/SOURCES.txt'
[0.855s] running build
[0.855s] running build_py
[0.855s] creating /home/vishnu/ros2_ws/build/ros2_demo/build
[0.855s] creating /home/vishnu/ros2_ws/build/ros2_demo/build/lib
[0.855s] creating /home/vishnu/ros2_ws/build/ros2_demo/build/lib/ros2_demo
[0.855s] copying ros2_demo/__init__.py -> /home/vishnu/ros2_ws/build/ros2_demo/build/lib/ros2_demo
[0.855s] copying ros2_demo/publisher.py -> /home/vishnu/ros2_ws/build/ros2_demo/build/lib/ros2_demo
[0.855s] copying ros2_demo/subscriber.py -> /home/vishnu/ros2_ws/build/ros2_demo/build/lib/ros2_demo
[0.856s] copying ros2_demo/turtle_nav.py -> /home/vishnu/ros2_ws/build/ros2_demo/build/lib/ros2_demo
[0.856s] running install
[0.856s] running install_lib
[0.857s] creating /home/vishnu/ros2_ws/install/ros2_demo/lib/python3.8/site-packages/ros2_demo
[0.858s] copying /home/vishnu/ros2_ws/build/ros2_demo/build/lib/ros2_demo/__init__.py -> /home/vishnu/ros2_ws/install/ros2_demo/lib/python3.8/site-packages/ros2_demo
[0.858s] copying /home/vishnu/ros2_ws/build/ros2_demo/build/lib/ros2_demo/publisher.py -> /home/vishnu/ros2_ws/install/ros2_demo/lib/python3.8/site-packages/ros2_demo
[0.858s] copying /home/vishnu/ros2_ws/build/ros2_demo/build/lib/ros2_demo/subscriber.py -> /home/vishnu/ros2_ws/install/ros2_demo/lib/python3.8/site-packages/ros2_demo
[0.858s] copying /home/vishnu/ros2_ws/build/ros2_demo/build/lib/ros2_demo/turtle_nav.py -> /home/vishnu/ros2_ws/install/ros2_demo/lib/python3.8/site-packages/ros2_demo
[0.858s] byte-compiling /home/vishnu/ros2_ws/install/ros2_demo/lib/python3.8/site-packages/ros2_demo/__init__.py to __init__.cpython-38.pyc
[0.858s] byte-compiling /home/vishnu/ros2_ws/install/ros2_demo/lib/python3.8/site-packages/ros2_demo/publisher.py to publisher.cpython-38.pyc
[0.858s] byte-compiling /home/vishnu/ros2_ws/install/ros2_demo/lib/python3.8/site-packages/ros2_demo/subscriber.py to subscriber.cpython-38.pyc
[0.858s] byte-compiling /home/vishnu/ros2_ws/install/ros2_demo/lib/python3.8/site-packages/ros2_demo/turtle_nav.py to turtle_nav.cpython-38.pyc
[0.859s] running install_data
[0.859s] copying resource/ros2_demo -> /home/vishnu/ros2_ws/install/ros2_demo/share/ament_index/resource_index/packages
[0.859s] running install_egg_info
[0.861s] Copying ../build/ros2_demo/ros2_demo.egg-info to /home/vishnu/ros2_ws/install/ros2_demo/lib/python3.8/site-packages/ros2_demo-0.0.1-py3.8.egg-info
[0.861s] running install_scripts
[0.886s] Installing publisher script to /home/vishnu/ros2_ws/install/ros2_demo/lib/ros2_demo
[0.886s] Installing subscriber script to /home/vishnu/ros2_ws/install/ros2_demo/lib/ros2_demo
[0.886s] Installing turtle_nav script to /home/vishnu/ros2_ws/install/ros2_demo/lib/ros2_demo
[0.887s] writing list of installed files to '/home/vishnu/ros2_ws/build/ros2_demo/install.log'
[0.898s] Invoked command in '/home/vishnu/ros2_ws/ros2_demo' returned '0': PYTHONPATH=/home/vishnu/ros2_ws/build/ros2_demo/prefix_override:/home/vishnu/.local/lib/python3.8/site-packages/colcon_core/task/python/colcon_distutils_commands:/home/vishnu/ros2_ws/install/ros2_demo/lib/python3.8/site-packages:${PYTHONPATH} /usr/bin/python3.8 -W ignore:setup.py install is deprecated -W ignore:easy_install command is deprecated setup.py egg_info --egg-base ../build/ros2_demo build --build-base /home/vishnu/ros2_ws/build/ros2_demo/build install --record /home/vishnu/ros2_ws/build/ros2_demo/install.log --single-version-externally-managed install_data
